2022-12-14 21:14:44,752 INFO  [Log] ** 
2022-12-14 21:14:44,753 INFO  [Log] ** 
2022-12-14 21:14:44,758 INFO  [Log] ############   My first test case is Login test ################ 
2022-12-14 21:14:44,758 INFO  [Log] ** 
2022-12-14 21:14:44,758 INFO  [Log] ** 
2022-12-14 21:14:44,758 INFO  [Log] My login test is going on 
2022-12-14 21:14:44,758 INFO  [Log] My test case might be failed 
2022-12-14 21:14:47,297 INFO  [Log] My test case is about to complete 
2022-12-14 21:14:47,297 INFO  [Log] ################################## 
2022-12-14 21:14:47,297 INFO  [Log] ########################################## 
2022-12-14 21:14:47,297 INFO  [Log] ############   This is my login test again ################ 
2022-12-14 21:14:47,297 INFO  [Log] ########################## 
2022-12-14 21:14:47,298 INFO  [Log] ########################################## 
2022-12-14 22:17:42,734 INFO  [Log] ** 
2022-12-14 22:17:42,734 INFO  [Log] ** 
2022-12-14 22:17:42,737 INFO  [Log] ############   My first test case is Login test ################ 
2022-12-14 22:17:42,737 INFO  [Log] ** 
2022-12-14 22:17:42,737 INFO  [Log] ** 
2022-12-14 22:17:42,737 INFO  [Log] My login test is going on 
2022-12-14 22:17:42,737 INFO  [Log] My test case might be failed 
2022-12-14 22:17:45,330 INFO  [Log] My test case is about to complete 
2022-12-14 22:17:45,330 INFO  [Log] ################################## 
2022-12-14 22:17:45,330 INFO  [Log] ########################################## 
2022-12-14 22:17:45,330 INFO  [Log] ############   This is my login test again ################ 
2022-12-14 22:17:45,330 INFO  [Log] ########################## 
2022-12-14 22:17:45,330 INFO  [Log] ########################################## 
2022-12-14 22:31:26,591 INFO  [Log] ** 
2022-12-14 22:31:26,592 INFO  [Log] ** 
2022-12-14 22:31:26,596 INFO  [Log] ############   My first test case is Login test ################ 
2022-12-14 22:31:26,596 INFO  [Log] ** 
2022-12-14 22:31:26,596 INFO  [Log] ** 
2022-12-14 22:31:26,596 INFO  [Log] My login test is going on 
2022-12-14 22:31:26,596 INFO  [Log] My test case might be failed 
2022-12-14 22:31:28,677 INFO  [Log] My test case is about to complete 
2022-12-14 22:31:28,677 INFO  [Log] ################################## 
2022-12-14 22:31:28,677 INFO  [Log] ########################################## 
2022-12-14 22:31:28,677 INFO  [Log] ############   This is my login test again ################ 
2022-12-14 22:31:28,677 INFO  [Log] ########################## 
2022-12-14 22:31:28,677 INFO  [Log] ########################################## 
2022-12-14 22:33:34,384 INFO  [Log] ** 
2022-12-14 22:33:34,384 INFO  [Log] ** 
2022-12-14 22:33:34,391 INFO  [Log] ############   My first test case is Login test ################ 
2022-12-14 22:33:34,391 INFO  [Log] ** 
2022-12-14 22:33:34,391 INFO  [Log] ** 
2022-12-14 22:33:34,391 INFO  [Log] My login test is going on 
2022-12-14 22:33:34,391 INFO  [Log] My test case might be failed 
2022-12-14 22:33:36,588 INFO  [Log] My test case is about to complete 
2022-12-14 22:33:36,588 INFO  [Log] ################################## 
2022-12-14 22:33:36,588 INFO  [Log] ########################################## 
2022-12-14 22:33:36,589 INFO  [Log] ############   This is my login test again ################ 
2022-12-14 22:33:36,589 INFO  [Log] ########################## 
2022-12-14 22:33:36,589 INFO  [Log] ########################################## 
2022-12-14 22:34:33,141 INFO  [Log] ** 
2022-12-14 22:34:33,142 INFO  [Log] ** 
2022-12-14 22:34:33,148 INFO  [Log] ############   My first test case is Login test ################ 
2022-12-14 22:34:33,148 INFO  [Log] ** 
2022-12-14 22:34:33,148 INFO  [Log] ** 
2022-12-14 22:34:33,148 INFO  [Log] My login test is going on 
2022-12-14 22:34:33,148 INFO  [Log] My test case might be failed 
2022-12-14 22:34:35,126 INFO  [Log] My test case is about to complete 
2022-12-14 22:34:35,126 INFO  [Log] ################################## 
2022-12-14 22:34:35,126 INFO  [Log] ########################################## 
2022-12-14 22:34:35,126 INFO  [Log] ############   This is my login test again ################ 
2022-12-14 22:34:35,126 INFO  [Log] ########################## 
2022-12-14 22:34:35,126 INFO  [Log] ########################################## 
2022-12-15 19:42:06,347 INFO  [Log] ** 
2022-12-15 19:42:06,348 INFO  [Log] ** 
2022-12-15 19:42:06,352 INFO  [Log] ############   My first test case is Login test ################ 
2022-12-15 19:42:06,352 INFO  [Log] ** 
2022-12-15 19:42:06,352 INFO  [Log] ** 
2022-12-15 19:42:06,352 INFO  [Log] My login test is going on 
2022-12-15 19:42:06,352 INFO  [Log] My test case might be failed 
2022-12-15 19:42:08,461 INFO  [Log] My test case is about to complete 
2022-12-15 19:42:08,461 INFO  [Log] ################################## 
2022-12-15 19:42:08,461 INFO  [Log] ########################################## 
2022-12-15 19:42:08,461 INFO  [Log] ############   This is my login test again ################ 
2022-12-15 19:42:08,462 INFO  [Log] ########################## 
2022-12-15 19:42:08,462 INFO  [Log] ########################################## 
2022-12-15 21:18:21,860 INFO  [Log] ** 
2022-12-15 21:18:21,860 INFO  [Log] ** 
2022-12-15 21:18:21,862 INFO  [Log] ############   My first test case is Login test ################ 
2022-12-15 21:18:21,862 INFO  [Log] ** 
2022-12-15 21:18:21,863 INFO  [Log] ** 
2022-12-15 21:18:21,863 INFO  [Log] My login test is going on 
2022-12-15 21:18:21,863 INFO  [Log] My test case might be failed 
2022-12-15 21:18:23,804 INFO  [Log] My test case is about to complete 
2022-12-15 21:18:23,804 INFO  [Log] ################################## 
2022-12-15 21:18:23,804 INFO  [Log] ########################################## 
2022-12-15 21:18:23,804 INFO  [Log] ############   This is my login test again ################ 
2022-12-15 21:18:23,804 INFO  [Log] ########################## 
2022-12-15 21:18:23,804 INFO  [Log] ########################################## 
2023-01-26 14:14:40,348 INFO  [Log] ** 
2023-01-26 14:14:40,349 INFO  [Log] ** 
2023-01-26 14:14:40,354 INFO  [Log] ############   My first test case is Login test ################ 
2023-01-26 14:14:40,354 INFO  [Log] ** 
2023-01-26 14:14:40,354 INFO  [Log] ** 
2023-01-26 14:14:40,354 INFO  [Log] My login test is going on 
2023-01-26 14:14:40,354 INFO  [Log] My test case might be failed 
2023-01-26 14:14:42,091 INFO  [Log] My test case is about to complete 
2023-01-26 14:14:42,091 INFO  [Log] ################################## 
2023-01-26 14:14:42,091 INFO  [Log] ########################################## 
2023-01-26 14:14:42,091 INFO  [Log] ############   This is my login test again ################ 
2023-01-26 14:14:42,091 INFO  [Log] ########################## 
2023-01-26 14:14:42,091 INFO  [Log] ########################################## 
